d:\documentos\visual\colisionprofundidad\colisionprofundidad\debug\colisionprofundidad.pch
d:\documentos\visual\colisionprofundidad\colisionprofundidad\debug\vc141.pdb
d:\documentos\visual\colisionprofundidad\colisionprofundidad\debug\vc141.idb
d:\documentos\visual\colisionprofundidad\colisionprofundidad\debug\stdafx.obj
d:\documentos\visual\colisionprofundidad\colisionprofundidad\debug\circunferencia.obj
d:\documentos\visual\colisionprofundidad\colisionprofundidad\debug\colisionprofundidad.obj
d:\documentos\visual\colisionprofundidad\colisionprofundidad\debug\p2d.obj
d:\documentos\visual\colisionprofundidad\colisionprofundidad\debug\quad.obj
d:\documentos\visual\colisionprofundidad\debug\colisionprofundidad.exe
d:\documentos\visual\colisionprofundidad\debug\colisionprofundidad.ilk
d:\documentos\visual\colisionprofundidad\debug\colisionprofundidad.pdb
d:\documentos\nueva carpeta\colisionprofundidad\colisionprofundidad\debug\circunferencia.obj
d:\documentos\nueva carpeta\colisionprofundidad\colisionprofundidad\debug\colisionprofundidad.obj
d:\documentos\nueva carpeta\colisionprofundidad\colisionprofundidad\debug\p2d.obj
d:\documentos\nueva carpeta\colisionprofundidad\colisionprofundidad\debug\quad.obj
d:\documentos\nueva carpeta\colisionprofundidad\colisionprofundidad\debug\stdafx.obj
d:\documentos\nueva carpeta\colisionprofundidad\colisionprofundidad\debug\colisionprofundidad.pch
d:\documentos\nueva carpeta\colisionprofundidad\colisionprofundidad\debug\vc141.idb
d:\documentos\nueva carpeta\colisionprofundidad\colisionprofundidad\debug\vc141.pdb
d:\documentos\nueva carpeta\colisionprofundidad\debug\colisionprofundidad.pdb
d:\documentos\nueva carpeta\colisionprofundidad\debug\colisionprofundidad.exe
d:\documentos\nueva carpeta\colisionprofundidad\debug\colisionprofundidad.ilk
d:\documentos\nueva carpeta\colisionprofundidad\colisionprofundidad\debug\colision.25197550.tlog\cl.command.1.tlog
d:\documentos\nueva carpeta\colisionprofundidad\colisionprofundidad\debug\colision.25197550.tlog\cl.read.1.tlog
d:\documentos\nueva carpeta\colisionprofundidad\colisionprofundidad\debug\colision.25197550.tlog\cl.write.1.tlog
d:\documentos\nueva carpeta\colisionprofundidad\colisionprofundidad\debug\colision.25197550.tlog\link.command.1.tlog
d:\documentos\nueva carpeta\colisionprofundidad\colisionprofundidad\debug\colision.25197550.tlog\link.read.1.tlog
d:\documentos\nueva carpeta\colisionprofundidad\colisionprofundidad\debug\colision.25197550.tlog\link.write.1.tlog
